<?xml version="1.0" encoding="UTF-8"?>
<!-- Generated by org.testng.reporters.JUnitReportReporter -->
<testsuite hostname="GLB-132-PC" failures="0" tests="4" name="com.crm.qa.testcase1.ContactPageTest" time="96.773" errors="0" timestamp="03 Sep 2019 17:06:28 GMT" skipped="0">
  <testcase classname="com.crm.qa.testcase1.ContactPageTest" name="verifyContactsPageLabel" time="19.912"/>
  <testcase classname="com.crm.qa.testcase1.ContactPageTest" name="selectContactTest" time="21.830"/>
  <testcase classname="com.crm.qa.testcase1.ContactPageTest" name="ValidateCreateNewContact" time="27.390"/>
  <testcase classname="com.crm.qa.testcase1.ContactPageTest" name="ValidateCreateNewContact" time="27.641"/>
</testsuite> <!-- com.crm.qa.testcase1.ContactPageTest -->
